kotlin version: 2.3.20
error message: java.lang.OutOfMemoryError: GC overhead limit exceeded
	at java.base/java.util.Arrays.copyOfRangeByte(Arrays.java:3863)
	at java.base/java.util.Arrays.copyOfRange(Arrays.java:3854)
	at java.base/java.lang.StringLatin1.newString(StringLatin1.java:756)
	at java.base/java.lang.String.substring(String.java:2828)
	at org.jetbrains.kotlin.name.FqNameUnsafe.compute(FqNameUnsafe.kt:44)
	at org.jetbrains.kotlin.name.FqNameUnsafe.shortName(FqNameUnsafe.kt:108)
	at org.jetbrains.kotlin.name.FqName.shortName(FqName.kt:77)
	at org.jetbrains.kotlin.ir.util.AdditionalIrUtilsKt.hasEqualFqName(AdditionalIrUtils.kt:144)
	at org.jetbrains.kotlin.ir.util.AdditionalIrUtilsKt.isAnnotationWithEqualFqName(AdditionalIrUtils.kt:135)
	at org.jetbrains.kotlin.ir.util.IrUtilsKt.getAnnotation(IrUtils.kt:338)
	at org.jetbrains.kotlin.ir.backend.js.transformers.irToJs.JsAstUtilsKt.parseJsFromAnnotation(jsAstUtils.kt:167)
	at org.jetbrains.kotlin.ir.backend.js.transformers.irToJs.JsAstUtilsKt.getJsCode(jsAstUtils.kt:146)
	at org.jetbrains.kotlin.ir.backend.js.utils.JsGenerationContext.checkIfHasAssociatedJsCode(JsGenerationContext.kt:102)
	at org.jetbrains.kotlin.ir.backend.js.transformers.irToJs.IrElementToJsExpressionTransformer.visitCall(IrElementToJsExpressionTransformer.kt:234)
	at org.jetbrains.kotlin.ir.backend.js.transformers.irToJs.IrElementToJsExpressionTransformer.visitCall(IrElementToJsExpressionTransformer.kt:26)
	at org.jetbrains.kotlin.ir.expressions.IrCall.accept(IrCall.kt:24)
	at org.jetbrains.kotlin.ir.backend.js.transformers.irToJs.IrElementToJsExpressionTransformer.visitWhen(IrElementToJsExpressionTransformer.kt:244)
	at org.jetbrains.kotlin.ir.backend.js.transformers.irToJs.IrElementToJsExpressionTransformer.visitWhen(IrElementToJsExpressionTransformer.kt:26)
	at org.jetbrains.kotlin.ir.expressions.IrWhen.accept(IrWhen.kt:24)
	at org.jetbrains.kotlin.ir.backend.js.transformers.irToJs.JsAstUtilsKt.toJsNode(jsAstUtils.kt:75)
	at org.jetbrains.kotlin.ir.backend.js.transformers.irToJs.JsAstUtilsKt.toJsNode$default(jsAstUtils.kt:65)
	at org.jetbrains.kotlin.ir.backend.js.transformers.irToJs.IrElementToJsStatementTransformer.visitWhen(IrElementToJsStatementTransformer.kt:233)
	at org.jetbrains.kotlin.ir.backend.js.transformers.irToJs.IrElementToJsStatementTransformer.visitWhen(IrElementToJsStatementTransformer.kt:33)
	at org.jetbrains.kotlin.ir.expressions.IrWhen.accept(IrWhen.kt:24)
	at org.jetbrains.kotlin.ir.backend.js.transformers.irToJs.IrElementToJsStatementTransformer.visitBlockBody(IrElementToJsStatementTransformer.kt:43)
	at org.jetbrains.kotlin.ir.backend.js.transformers.irToJs.IrElementToJsStatementTransformer.visitBlockBody(IrElementToJsStatementTransformer.kt:33)
	at org.jetbrains.kotlin.ir.expressions.IrBlockBody.accept(IrBlockBody.kt:20)
	at org.jetbrains.kotlin.ir.backend.js.transformers.irToJs.JsAstUtilsKt.translateFunction(jsAstUtils.kt:229)
	at org.jetbrains.kotlin.ir.backend.js.transformers.irToJs.IrFunctionToJsTransformer.visitSimpleFunction(IrFunctionToJsTransformer.kt:37)
	at org.jetbrains.kotlin.ir.backend.js.transformers.irToJs.IrFunctionToJsTransformer.visitSimpleFunction(IrFunctionToJsTransformer.kt:18)
	at org.jetbrains.kotlin.ir.declarations.IrSimpleFunction.accept(IrSimpleFunction.kt:39)
	at org.jetbrains.kotlin.ir.backend.js.transformers.irToJs.JsClassGenerator.generateMemberFunction(JsClassGenerator.kt:363)


